This is pdfTeX, Version 3.141592653-2.6-1.40.27 (TeX Live 2025) (preloaded format=pdflatex 2025.4.24)  29 MAY 2025 12:12
entering extended mode
 restricted \write18 enabled.
 file:line:error style messages enabled.
 %&-line parsing enabled.
**名称未設定.tex
(./名称未設定.tex
LaTeX2e <2024-11-01> patch level 2
L3 programming layer <2025-03-26>

./名称未設定.tex:1: LaTeX Error: Environment figure undefined.

See the LaTeX manual or LaTeX Companion for explanation.
Type  H <return>  for immediate help.
 ...                                              
                                                  
l.1 \begin{figure}
                  [htb]
? 
./名称未設定.tex:1: Emergency stop.
 ...                                              
                                                  
l.1 \begin{figure}
                  [htb]
Your command was ignored.
Type  I <command> <return>  to replace it with another command,
or  <return>  to continue without it.

 
Here is how much of TeX's memory you used:
 15 strings out of 469626
 513 string characters out of 5471004
 423118 words of memory out of 5000000
 26930 multiletter control sequences out of 15000+600000
 626825 words of font info for 40 fonts, out of 8000000 for 9000
 1141 hyphenation exceptions out of 8191
 12i,0n,13p,70b,16s stack positions out of 10000i,1000n,20000p,200000b,200000s
./名称未設定.tex:1:  ==> Fatal error occurred, no output PDF file produced
!
