This is e-upTeX, Version 3.141592653-p4.1.2-u2.00-250202-2.6 (utf8.uptex) (TeX Live 2025) (preloaded format=uplatex 2025.4.24)  19 JUN 2025 09:10
entering extended mode
 restricted \write18 enabled.
 file:line:error style messages enabled.
 %&-line parsing enabled.
**/Users/kondoutakumi/Documents/tex/最終報告書元の文章/アイデアソン最終報告書/Ideathon_report
(/Users/kondoutakumi/Documents/tex/最終報告書元の文章/アイデアソン最終報告書/Ideathon_report.tex
pLaTeX2e <2023-02-14u04>+1, based on
LaTeX2e <2024-11-01> patch level 2
L3 programming layer <2025-03-26>
(/usr/local/texlive/2025/texmf-dist/tex/platex/jsclasses/jsarticle.cls
Document Class: jsarticle 2023/02/23 jsclasses (okumura, texjporg)
\jsc@mpt=\dimen162
\jsc@mmm=\dimen163
\jsc@smallskipamount=\skip49
LaTeX Info: Redefining \textmc on input line 511.
LaTeX Info: Redefining \textgt on input line 513.
\symmincho=\mathgroup4
LaTeX Font Info:    Overwriting symbol font `mincho' in version `bold'
(Font)                  JY2/mc/m/n --> JY2/gt/m/n on input line 575.
LaTeX Font Info:    Font shape `JT2/mc/m/n' will be
(Font)              scaled to size 9.24683pt on input line 769.
LaTeX Font Info:    Font shape `JY2/mc/m/n' will be
(Font)              scaled to size 9.24683pt on input line 769.
\fullwidth=\dimen164
LaTeX Font Info:    Font shape `JT2/mc/m/n' will be
(Font)              scaled to size 7.39746pt on input line 922.
LaTeX Font Info:    Font shape `JY2/mc/m/n' will be
(Font)              scaled to size 7.39746pt on input line 922.
\c@part=\count196
\c@section=\count197
\c@subsection=\count198
\c@subsubsection=\count199
\c@paragraph=\count266
\c@subparagraph=\count267
\@abstractbox=\box70
\c@figure=\count268
\c@table=\count269
\abovecaptionskip=\skip50
\belowcaptionskip=\skip51
\jsc@tocl@width=\dimen165
\@lnumwidth=\dimen166
\bibindent=\dimen167
(/usr/local/texlive/2025/texmf-dist/tex/platex/jsclasses/jslogo.sty
Package: jslogo 2019/07/25 okumura, texjporg
LaTeX Info: Redefining \TeX on input line 82.
LaTeX Info: Redefining \LaTeX on input line 135.
LaTeX Info: Redefining \LaTeXe on input line 188.
)
\heisei=\count270
) (/usr/local/texlive/2025/texmf-dist/tex/platex/japanese-otf/otf.sty
Package: otf 2025/02/18 TeX JP org, v1.7b8 psitau, u0.31 ttk
 (/usr/local/texlive/2025/texmf-dist/tex/latex/graphics/keyval.sty
Package: keyval 2022/05/29 v1.15 key=value parser (DPC)
\KV@toks@=\toks18
)
LaTeX Font Info:    Redeclaring symbol font `mincho' on input line 345.
LaTeX Font Info:    Overwriting symbol font `mincho' in version `normal'
(Font)                  JY2/mc/m/n --> JY2/hmc/m/n on input line 345.
LaTeX Font Info:    Overwriting symbol font `mincho' in version `bold'
(Font)                  JY2/gt/m/n --> JY2/hmc/m/n on input line 345.
LaTeX Font Info:    Overwriting symbol font `mincho' in version `bold'
(Font)                  JY2/hmc/m/n --> JY2/hmc/bx/n on input line 347.
LaTeX Font Info:    Redeclaring math alphabet \mathgt on input line 348.
LaTeX Font Info:    Overwriting math alphabet `\mathgt' in version `normal'
(Font)                  JY2/gt/m/n --> JY2/hgt/m/n on input line 348.
LaTeX Font Info:    Overwriting math alphabet `\mathgt' in version `bold'
(Font)                  JY2/gt/m/n --> JY2/hgt/m/n on input line 348.
LaTeX Font Info:    Overwriting math alphabet `\mathgt' in version `bold'
(Font)                  JY2/hgt/m/n --> JY2/hgt/bx/n on input line 349.
 (/usr/local/texlive/2025/texmf-dist/tex/platex/japanese-otf/ajmacros.sty
Package: ajmacros 2019/04/01 21:00 iNOUE Koich! <inoue@ma.ns.musashi-tech.ac.jp>
\@tempcntc=\count271
\@tempcntd=\count272
\@tempcnte=\count273
\@tempcntf=\count274
)) (/usr/local/texlive/2025/texmf-dist/tex/platex/pxchfon/pxchfon.sty
Package: pxchfon 2024/08/22 v2.2
 (/usr/local/texlive/2025/texmf-dist/tex/latex/etoolbox/etoolbox.sty
Package: etoolbox 2025/02/11 v2.5l e-TeX tools for LaTeX (JAW)
\etb@tempcnta=\count275
)
Package pxchfon Info: Extra preset settings are loaded.
 (/usr/local/texlive/texmf-local/tex/platex/pxchfon/pxchfon-extras.def
File: pxchfon-extras.def 2019/11/09 v0.2
) (/usr/local/texlive/2025/texmf-dist/tex/platex/pxchfon/pxchfon0.def
File: pxchfon0.def 2024/08/22 v2.2
)) (/usr/local/texlive/2025/texmf-dist/tex/latex/stix2-type1/stix2.sty
Package: stix2 2021/01/14 v2.0.2-latex STIX Two fonts support package
 (/usr/local/texlive/2025/texmf-dist/tex/latex/base/textcomp.sty
Package: textcomp 2024/04/24 v2.1b Standard LaTeX package
LaTeX Font Info:    Changing ? sub-encoding to TS1/0 on input line 75.
)
Now handling font encoding LS1 ...
... no UTF-8 mapping file for font encoding LS1
Now handling font encoding LS2 ...
... no UTF-8 mapping file for font encoding LS2
LaTeX Font Info:    Redeclaring symbol font `letters' on input line 78.
LaTeX Font Info:    Encoding `OML' has changed to `LS1' for symbol font
(Font)              `letters' in the math version `normal' on input line 78.
LaTeX Font Info:    Overwriting symbol font `letters' in version `normal'
(Font)                  OML/cmm/m/it --> LS1/stix2/m/it on input line 78.
LaTeX Font Info:    Encoding `OML' has changed to `LS1' for symbol font
(Font)              `letters' in the math version `bold' on input line 78.
LaTeX Font Info:    Overwriting symbol font `letters' in version `bold'
(Font)                  OML/cmm/b/it --> LS1/stix2/m/it on input line 78.
LaTeX Font Info:    Redeclaring symbol font `operators' on input line 79.
LaTeX Font Info:    Encoding `OT1' has changed to `LS1' for symbol font
(Font)              `operators' in the math version `normal' on input line 79.
LaTeX Font Info:    Overwriting symbol font `operators' in version `normal'
(Font)                  OT1/cmr/m/n --> LS1/stix2/m/n on input line 79.
LaTeX Font Info:    Encoding `OT1' has changed to `LS1' for symbol font
(Font)              `operators' in the math version `bold' on input line 79.
LaTeX Font Info:    Overwriting symbol font `operators' in version `bold'
(Font)                  OT1/cmr/bx/n --> LS1/stix2/m/n on input line 79.
\symbold-operators=\mathgroup5
LaTeX Font Info:    Redeclaring symbol font `symbols' on input line 81.
LaTeX Font Info:    Encoding `OMS' has changed to `LS1' for symbol font
(Font)              `symbols' in the math version `normal' on input line 81.
LaTeX Font Info:    Overwriting symbol font `symbols' in version `normal'
(Font)                  OMS/cmsy/m/n --> LS1/stix2scr/m/n on input line 81.
LaTeX Font Info:    Encoding `OMS' has changed to `LS1' for symbol font
(Font)              `symbols' in the math version `bold' on input line 81.
LaTeX Font Info:    Overwriting symbol font `symbols' in version `bold'
(Font)                  OMS/cmsy/b/n --> LS1/stix2scr/m/n on input line 81.
\symsymbols2=\mathgroup6
\symsymbols3=\mathgroup7
\symsymbols4=\mathgroup8
\symintegrals=\mathgroup9
LaTeX Font Info:    Redeclaring symbol font `largesymbols' on input line 86.
LaTeX Font Info:    Encoding `OMX' has changed to `LS2' for symbol font
(Font)              `largesymbols' in the math version `normal' on input line 86.
LaTeX Font Info:    Overwriting symbol font `largesymbols' in version `normal'
(Font)                  OMX/cmex/m/n --> LS2/stix2ex/m/n on input line 86.
LaTeX Font Info:    Encoding `OMX' has changed to `LS2' for symbol font
(Font)              `largesymbols' in the math version `bold' on input line 86.
LaTeX Font Info:    Overwriting symbol font `largesymbols' in version `bold'
(Font)                  OMX/cmex/m/n --> LS2/stix2ex/m/n on input line 86.
\symarrows1=\mathgroup10
\symarrows2=\mathgroup11
\symarrows3=\mathgroup12
LaTeX Font Info:    Overwriting symbol font `letters' in version `bold'
(Font)                  LS1/stix2/m/it --> LS1/stix2/b/it on input line 90.
LaTeX Font Info:    Overwriting symbol font `operators' in version `bold'
(Font)                  LS1/stix2/m/n --> LS1/stix2/b/n on input line 91.
LaTeX Font Info:    Overwriting symbol font `symbols' in version `bold'
(Font)                  LS1/stix2scr/m/n --> LS1/stix2scr/b/n on input line 92.
LaTeX Font Info:    Overwriting symbol font `symbols2' in version `bold'
(Font)                  LS1/stix2frak/m/n --> LS1/stix2frak/b/n on input line 93.
LaTeX Font Info:    Overwriting symbol font `symbols3' in version `bold'
(Font)                  LS1/stix2bb/m/n --> LS1/stix2bb/b/n on input line 94.
LaTeX Font Info:    Overwriting symbol font `symbols4' in version `bold'
(Font)                  LS1/stix2bb/m/it --> LS1/stix2bb/b/it on input line 95.
LaTeX Font Info:    Overwriting symbol font `integrals' in version `bold'
(Font)                  LS2/stix2cal/m/n --> LS2/stix2cal/b/n on input line 96.
LaTeX Font Info:    Overwriting symbol font `largesymbols' in version `bold'
(Font)                  LS2/stix2ex/m/n --> LS2/stix2ex/b/n on input line 97.
LaTeX Font Info:    Overwriting symbol font `arrows1' in version `bold'
(Font)                  LS1/stix2sf/m/n --> LS1/stix2sf/b/n on input line 98.
LaTeX Font Info:    Overwriting symbol font `arrows2' in version `bold'
(Font)                  LS1/stix2sf/m/it --> LS1/stix2sf/b/it on input line 99.
LaTeX Font Info:    Overwriting symbol font `arrows3' in version `bold'
(Font)                  LS2/stix2tt/m/n --> LS2/stix2tt/b/n on input line 100.
LaTeX Font Info:    Redeclaring math alphabet \mathit on input line 101.
LaTeX Font Info:    Redeclaring math alphabet \mathsf on input line 107.
LaTeX Font Info:    Redeclaring math alphabet \mathtt on input line 109.
LaTeX Font Info:    Redeclaring math alphabet \mathbf on input line 110.
LaTeX Font Info:    Redeclaring math symbol \hbar on input line 226.
LaTeX Font Info:    Redeclaring math accent \grave on input line 697.
LaTeX Font Info:    Redeclaring math accent \acute on input line 698.
LaTeX Font Info:    Redeclaring math accent \hat on input line 699.
LaTeX Font Info:    Redeclaring math accent \tilde on input line 700.
LaTeX Font Info:    Redeclaring math accent \bar on input line 701.
LaTeX Font Info:    Redeclaring math accent \breve on input line 702.
LaTeX Font Info:    Redeclaring math accent \dot on input line 703.
LaTeX Font Info:    Redeclaring math accent \ddot on input line 704.
LaTeX Font Info:    Redeclaring math accent \mathring on input line 706.
LaTeX Font Info:    Redeclaring math accent \check on input line 707.
LaTeX Font Info:    Redeclaring math accent \vec on input line 715.
LaTeX Font Info:    Redeclaring math accent \widehat on input line 727.
LaTeX Font Info:    Redeclaring math accent \widetilde on input line 728.
LaTeX Info: Redefining \vdots on input line 1517.
LaTeX Info: Redefining \cdots on input line 1521.
LaTeX Font Info:    Redeclaring math symbol \mathsterling on input line 1977.
LaTeX Info: Redefining \not on input line 2141.
) (/usr/local/texlive/2025/texmf-dist/tex/latex/mathtools/mathtools.sty
Package: mathtools 2024/10/04 v1.31 mathematical typesetting tools
 (/usr/local/texlive/2025/texmf-dist/tex/latex/tools/calc.sty
Package: calc 2023/07/08 v4.3 Infix arithmetic (KKT,FJ)
\calc@Acount=\count276
\calc@Bcount=\count277
\calc@Adimen=\dimen168
\calc@Bdimen=\dimen169
\calc@Askip=\skip52
\calc@Bskip=\skip53
LaTeX Info: Redefining \setlength on input line 80.
LaTeX Info: Redefining \addtolength on input line 81.
\calc@Ccount=\count278
\calc@Cskip=\skip54
) (/usr/local/texlive/2025/texmf-dist/tex/latex/mathtools/mhsetup.sty
Package: mhsetup 2021/03/18 v1.4 programming setup (MH)
) (/usr/local/texlive/2025/texmf-dist/tex/latex/amsmath/amsmath.sty
Package: amsmath 2024/11/05 v2.17t AMS math features
\@mathmargin=\skip55

For additional information on amsmath, use the `?' option.
(/usr/local/texlive/2025/texmf-dist/tex/latex/amsmath/amstext.sty
Package: amstext 2021/08/26 v2.01 AMS text
 (/usr/local/texlive/2025/texmf-dist/tex/latex/amsmath/amsgen.sty
File: amsgen.sty 1999/11/30 v2.0 generic functions
\@emptytoks=\toks19
\ex@=\dimen170
)) (/usr/local/texlive/2025/texmf-dist/tex/latex/amsmath/amsbsy.sty
Package: amsbsy 1999/11/29 v1.2d Bold Symbols
\pmbraise@=\dimen171
) (/usr/local/texlive/2025/texmf-dist/tex/latex/amsmath/amsopn.sty
Package: amsopn 2022/04/08 v2.04 operator names
)
\inf@bad=\count279
LaTeX Info: Redefining \frac on input line 233.
\uproot@=\count280
\leftroot@=\count281
LaTeX Info: Redefining \overline on input line 398.
LaTeX Info: Redefining \colon on input line 409.
\classnum@=\count282
\DOTSCASE@=\count283
LaTeX Info: Redefining \ldots on input line 495.
LaTeX Info: Redefining \dots on input line 498.
\Mathstrutbox@=\box71
\strutbox@=\box72
LaTeX Info: Redefining \big on input line 721.
LaTeX Info: Redefining \Big on input line 722.
LaTeX Info: Redefining \bigg on input line 723.
LaTeX Info: Redefining \Bigg on input line 724.
\big@size=\dimen172
LaTeX Font Info:    Redeclaring font encoding OML on input line 742.
LaTeX Font Info:    Redeclaring font encoding OMS on input line 743.
\macc@depth=\count284
LaTeX Info: Redefining \bmod on input line 904.
LaTeX Info: Redefining \pmod on input line 909.
LaTeX Info: Redefining \smash on input line 939.
\c@MaxMatrixCols=\count285
\dotsspace@=\muskip17
\c@parentequation=\count286
\dspbrk@lvl=\count287
\tag@help=\toks20
\row@=\count288
\column@=\count289
\maxfields@=\count290
\andhelp@=\toks21
\eqnshift@=\dimen173
\alignsep@=\dimen174
\tagshift@=\dimen175
\tagwidth@=\dimen176
\totwidth@=\dimen177
\lineht@=\dimen178
\@envbody=\toks22
\multlinegap=\skip56
\multlinetaggap=\skip57
\mathdisplay@stack=\toks23
LaTeX Info: Redefining \[ on input line 2953.
LaTeX Info: Redefining \] on input line 2954.
)
\g_MT_multlinerow_int=\count291
\l_MT_multwidth_dim=\dimen179
\origjot=\skip58
\l_MT_shortvdotswithinadjustabove_dim=\dimen180
\l_MT_shortvdotswithinadjustbelow_dim=\dimen181
\l_MT_above_intertext_sep=\dimen182
\l_MT_below_intertext_sep=\dimen183
\l_MT_above_shortintertext_sep=\dimen184
\l_MT_below_shortintertext_sep=\dimen185
\xmathstrut@box=\box73
\xmathstrut@dim=\dimen186
) (./hira-stix.sty
Package: hira-stix 2024/04/02 v1.0hira-stix font support by Saba
) (/usr/local/texlive/2025/texmf-dist/tex/latex/url/url.sty
\Urlmuskip=\muskip18
Package: url 2013/09/16  ver 3.4  Verb mode for urls, etc.
) (/usr/local/texlive/2025/texmf-dist/tex/latex/float/float.sty
Package: float 2001/11/08 v1.3d Float enhancements (AL)
\c@float@type=\count292
\float@exts=\toks24
\float@box=\box74
\@float@everytoks=\toks25
\@floatcapt=\box75
) (/usr/local/texlive/2025/texmf-dist/tex/latex/moreverb/moreverb.sty
Package: moreverb 2008/06/03 v2.3a `more' verbatim facilities
 (/usr/local/texlive/2025/texmf-dist/tex/latex/tools/verbatim.sty
Package: verbatim 2024-01-22 v1.5x LaTeX2e package for verbatim enhancements
\every@verbatim=\toks26
\verbatim@line=\toks27
\verbatim@in@stream=\read2
)
\tab@position=\count293
\tab@size=\count294
\listing@line=\count295
) (/usr/local/texlive/2025/texmf-dist/tex/latex/graphics/lscape.sty
Package: lscape 2020/05/28 v3.02 Landscape Pages (DPC)
 (/usr/local/texlive/2025/texmf-dist/tex/latex/graphics/graphics.sty
Package: graphics 2024/08/06 v1.4g Standard LaTeX Graphics (DPC,SPQR)
 (/usr/local/texlive/2025/texmf-dist/tex/latex/graphics/trig.sty
Package: trig 2023/12/02 v1.11 sin cos tan (DPC)
) (/usr/local/texlive/2025/texmf-dist/tex/latex/graphics-cfg/graphics.cfg
File: graphics.cfg 2016/06/04 v1.11 sample graphics configuration
)
Package graphics Info: Driver file: dvipdfmx.def on input line 106.
 (/usr/local/texlive/2025/texmf-dist/tex/latex/graphics-def/dvipdfmx.def
File: dvipdfmx.def 2022/09/22 v5.0m Graphics/color driver for dvipdfmx
))) (/usr/local/texlive/2025/texmf-dist/tex/latex/ascmac/ascmac.sty
Package: ascmac 2020/01/15 v2.1 ascmac wrapper (community edition) 
 (/usr/local/texlive/2025/texmf-dist/tex/latex/ascmac/tascmac.sty
Package: tascmac 2020/01/15 v2.1 ascmac package (community edition) 
\@savetbaselineshift=\dimen187
\@saveybaselineshift=\dimen188
\scb@x=\box76
\scscb@x=\box77
\@bw=\dimen189
\@nbox=\box78
\@nbody=\box79
\@scw=\dimen190
\ascmac@hoboxa=\box80
\ascmac@hoboxb=\box81
\@itemh=\dimen191
\@iboxpos=\toks28
\@iboxstr=\box82
\@bwsp=\box83
\@@bwsp=\box84
\@bcal=\count296
\shaderule=\dimen192
)) (/usr/local/texlive/2025/texmf-dist/tex/latex/xurl/xurl.sty
Package: xurl 2022/01/09 v 0.10 modify URL breaks
)
LaTeX Font Info:    Font shape `JT2/hmc/m/n' will be
(Font)              scaled to size 9.24683pt on input line 23.
LaTeX Font Info:    Font shape `JY2/hmc/m/n' will be
(Font)              scaled to size 9.24683pt on input line 23.
LaTeX Font Info:    Trying to load font information for T1+stix2 on input line 23.
 (/usr/local/texlive/2025/texmf-dist/tex/latex/stix2-type1/t1stix2.fd
File: t1stix2.fd 2018/04/02 v2.0.0-latex stix2 T1 font definitions
) (/usr/local/texlive/2025/texmf-dist/tex/latex/l3backend/l3backend-dvipdfmx.def
File: l3backend-dvipdfmx.def 2025-03-14 L3 backend support: dvipdfmx
\g__graphics_track_int=\count297
\g__pdfannot_backend_int=\count298
\g__pdfannot_backend_link_int=\count299
) (./Ideathon_report.aux

LaTeX Warning: Label `tab:parts' multiply defined.


LaTeX Warning: Label `tab:parts' multiply defined.

)
\openout1 = `Ideathon_report.aux'.

LaTeX Font Info:    Checking defaults for OML/cmm/m/it on input line 23.
LaTeX Font Info:    ... okay on input line 23.
LaTeX Font Info:    Checking defaults for OMS/cmsy/m/n on input line 23.
LaTeX Font Info:    ... okay on input line 23.
LaTeX Font Info:    Checking defaults for OT1/cmr/m/n on input line 23.
LaTeX Font Info:    ... okay on input line 23.
LaTeX Font Info:    Checking defaults for T1/cmr/m/n on input line 23.
LaTeX Font Info:    ... okay on input line 23.
LaTeX Font Info:    Checking defaults for TS1/cmr/m/n on input line 23.
LaTeX Font Info:    ... okay on input line 23.
LaTeX Font Info:    Checking defaults for OMX/cmex/m/n on input line 23.
LaTeX Font Info:    ... okay on input line 23.
LaTeX Font Info:    Checking defaults for U/cmr/m/n on input line 23.
LaTeX Font Info:    ... okay on input line 23.
LaTeX Font Info:    Checking defaults for JY2/mc/m/n on input line 23.
LaTeX Font Info:    ... okay on input line 23.
LaTeX Font Info:    Checking defaults for JT2/mc/m/n on input line 23.
LaTeX Font Info:    ... okay on input line 23.
LaTeX Font Info:    Checking defaults for LS1/stix2/m/n on input line 23.
LaTeX Font Info:    Trying to load font information for LS1+stix2 on input line 23.
 (/usr/local/texlive/2025/texmf-dist/tex/latex/stix2-type1/ls1stix2.fd
File: ls1stix2.fd 2018/04/02 v2.0.0-latex stix2 LS1 font definitions
)
LaTeX Font Info:    ... okay on input line 23.
LaTeX Font Info:    Checking defaults for LS2/stix2/m/n on input line 23.
LaTeX Font Info:    Trying to load font information for LS2+stix2 on input line 23.
 (/usr/local/texlive/2025/texmf-dist/tex/latex/stix2-type1/ls2stix2.fd
File: ls2stix2.fd 2018/04/02 v2.0.0-latex stix2 LS2 font definitions
)
LaTeX Font Info:    ... okay on input line 23.
LaTeX Info: Command `\dddot' is already robust on input line 23.
LaTeX Info: Command `\ddddot' is already robust on input line 23.
 (/usr/local/texlive/2025/texmf-dist/tex/latex/graphics/graphicx.sty
Package: graphicx 2021/09/16 v1.2d Enhanced LaTeX Graphics (DPC,SPQR)
\Gin@req@height=\dimen193
\Gin@req@width=\dimen194
)
LaTeX Font Info:    Font shape `JT2/hmc/m/n' will be
(Font)              scaled to size 15.9785pt on input line 28.
LaTeX Font Info:    Font shape `JY2/hmc/m/n' will be
(Font)              scaled to size 15.9785pt on input line 28.
LaTeX Font Info:    Font shape `JT2/hmc/m/n' will be
(Font)              scaled to size 11.09619pt on input line 28.
LaTeX Font Info:    Font shape `JY2/hmc/m/n' will be
(Font)              scaled to size 11.09619pt on input line 28.
LaTeX Font Info:    Trying to load font information for LS1+stix2scr on input line 28.
 (/usr/local/texlive/2025/texmf-dist/tex/latex/stix2-type1/ls1stix2scr.fd
File: ls1stix2scr.fd 2018/04/02 v2.0.0-latex stix2 script LS1 font definitions
)
LaTeX Font Info:    Font shape `JY2/hmc/m/n' will be
(Font)              scaled to size 7.39746pt on input line 28.
LaTeX Font Info:    Font shape `JY2/hmc/m/n' will be
(Font)              scaled to size 5.5481pt on input line 28.
LaTeX Font Info:    Trying to load font information for LS1+stix2frak on input line 28.
 (/usr/local/texlive/2025/texmf-dist/tex/latex/stix2-type1/ls1stix2frak.fd
File: ls1stix2frak.fd 2018/04/02 v2.0.0-latex stix2 fraktur LS1 font definitions
)
LaTeX Font Info:    Trying to load font information for LS1+stix2sf on input line 28.
 (/usr/local/texlive/2025/texmf-dist/tex/latex/stix2-type1/ls1stix2sf.fd
File: ls1stix2sf.fd 2018/04/02 v2.0.0-latex stix2 sans-serif LS1 font definitions
)
LaTeX Font Info:    Font shape `JT2/hmc/m/n' will be
(Font)              scaled to size 13.31541pt on input line 29.
LaTeX Font Info:    Font shape `JY2/hmc/m/n' will be
(Font)              scaled to size 13.31541pt on input line 29.
LaTeX Font Info:    Font shape `JT2/hgt/m/n' will be
(Font)              scaled to size 13.31541pt on input line 29.
LaTeX Font Info:    Font shape `JY2/hgt/m/n' will be
(Font)              scaled to size 13.31541pt on input line 29.
LaTeX Font Info:    Font shape `JT2/hgt/m/n' will be
(Font)              scaled to size 11.09619pt on input line 32.
LaTeX Font Info:    Font shape `JY2/hgt/m/n' will be
(Font)              scaled to size 11.09619pt on input line 32.


[1

]
File: ./Figs/OpenMV_image.png Graphic file (type bmp)
<./Figs/OpenMV_image.png>
LaTeX Font Info:    Font shape `JT2/hmc/m/n' will be
(Font)              scaled to size 8.32214pt on input line 101.
LaTeX Font Info:    Font shape `JY2/hmc/m/n' will be
(Font)              scaled to size 8.32214pt on input line 101.
LaTeX Font Info:    Font shape `JY2/hmc/m/n' will be
(Font)              scaled to size 6.93512pt on input line 103.

Overfull \hbox (11.48364pt too wide) in paragraph at lines 103--112
 [][][][] 
 []


LaTeX Warning: `h' float specifier changed to `ht'.

File: ./Figs/gainenzu.jpg Graphic file (type bmp)
<./Figs/gainenzu.jpg>


[2]

[3]
File: ./Figs/system.jpg Graphic file (type bmp)
<./Figs/system.jpg>


[4]
LaTeX Font Info:    Font shape `JT2/hmc/m/n' will be
(Font)              scaled to size 6.93512pt on input line 206.
LaTeX Font Info:    Font shape `JT2/hmc/m/n' will be
(Font)              scaled to size 5.5481pt on input line 206.


[5]

[6]
LaTeX Font Info:    Font shape `JT2/hgt/m/n' will be
(Font)              scaled to size 9.24683pt on input line 311.
LaTeX Font Info:    Font shape `JY2/hgt/m/n' will be
(Font)              scaled to size 9.24683pt on input line 311.


[7] (./Ideathon_report.aux)
 ***********
pLaTeX2e <2023-02-14u04>+1, based on
LaTeX2e <2024-11-01> patch level 2
L3 programming layer <2025-03-26>
 ***********


LaTeX Warning: There were multiply-defined labels.

 ) 
Here is how much of TeX's memory you used:
 9564 strings out of 470271
 138301 string characters out of 5486374
 499726 words of memory out of 5000000
 36306 multiletter control sequences out of 15000+600000
 715511 words of font info for 155 fonts, out of 8000000 for 9000
 934 hyphenation exceptions out of 8191
 70i,8n,79p,565b,1025s stack positions out of 10000i,1000n,20000p,200000b,200000s

Output written on Ideathon_report.dvi (7 pages, 29328 bytes).
